[2020-08-27 18:36:15.501] [puff::index::jointLog] [info] Running fixFasta
[2020-08-27 18:36:15.543] [puff::index::jointLog] [warning] Entry with header [ENSMUST00000177564.1], had length less than equal to the k-mer length of 31 (perhaps after poly-A clipping)
[2020-08-27 18:36:15.544] [puff::index::jointLog] [warning] Entry with header [ENSMUST00000196221.1], had length less than equal to the k-mer length of 31 (perhaps after poly-A clipping)
[2020-08-27 18:36:15.544] [puff::index::jointLog] [warning] Entry with header [ENSMUST00000178537.1], had length less than equal to the k-mer length of 31 (perhaps after poly-A clipping)
[2020-08-27 18:36:15.544] [puff::index::jointLog] [warning] Entry with header [ENSMUST00000178862.1], had length less than equal to the k-mer length of 31 (perhaps after poly-A clipping)
[2020-08-27 18:36:15.545] [puff::index::jointLog] [warning] Entry with header [ENSMUST00000179520.1], had length less than equal to the k-mer length of 31 (perhaps after poly-A clipping)
[2020-08-27 18:36:15.545] [puff::index::jointLog] [warning] Entry with header [ENSMUST00000179883.1], had length less than equal to the k-mer length of 31 (perhaps after poly-A clipping)
[2020-08-27 18:36:15.545] [puff::index::jointLog] [warning] Entry with header [ENSMUST00000195858.1], had length less than equal to the k-mer length of 31 (perhaps after poly-A clipping)
[2020-08-27 18:36:15.545] [puff::index::jointLog] [warning] Entry with header [ENSMUST00000180001.1], had length less than equal to the k-mer length of 31 (perhaps after poly-A clipping)
[2020-08-27 18:36:15.545] [puff::index::jointLog] [warning] Entry with header [ENSMUST00000178815.1], had length less than equal to the k-mer length of 31 (perhaps after poly-A clipping)
[2020-08-27 18:36:15.545] [puff::index::jointLog] [warning] Entry with header [ENSMUST00000177965.1], had length less than equal to the k-mer length of 31 (perhaps after poly-A clipping)
[2020-08-27 18:36:15.545] [puff::index::jointLog] [warning] Entry with header [ENSMUST00000178909.1], had length less than equal to the k-mer length of 31 (perhaps after poly-A clipping)
[2020-08-27 18:36:15.546] [puff::index::jointLog] [warning] Entry with header [ENSMUST00000177646.1], had length less than equal to the k-mer length of 31 (perhaps after poly-A clipping)
[2020-08-27 18:36:15.546] [puff::index::jointLog] [warning] Entry with header [ENSMUST00000178230.1], had length less than equal to the k-mer length of 31 (perhaps after poly-A clipping)
[2020-08-27 18:36:15.546] [puff::index::jointLog] [warning] Entry with header [ENSMUST00000178483.1], had length less than equal to the k-mer length of 31 (perhaps after poly-A clipping)
[2020-08-27 18:36:15.546] [puff::index::jointLog] [warning] Entry with header [ENSMUST00000179262.1], had length less than equal to the k-mer length of 31 (perhaps after poly-A clipping)
[2020-08-27 18:36:15.546] [puff::index::jointLog] [warning] Entry with header [ENSMUST00000178549.1], had length less than equal to the k-mer length of 31 (perhaps after poly-A clipping)
[2020-08-27 18:36:15.546] [puff::index::jointLog] [warning] Entry with header [ENSMUST00000193012.1], had length less than equal to the k-mer length of 31 (perhaps after poly-A clipping)
[2020-08-27 18:36:15.546] [puff::index::jointLog] [warning] Entry with header [ENSMUST00000179166.1], had length less than equal to the k-mer length of 31 (perhaps after poly-A clipping)
[2020-08-27 18:36:15.546] [puff::index::jointLog] [warning] Entry with header [ENSMUST00000179560.1], had length less than equal to the k-mer length of 31 (perhaps after poly-A clipping)
[2020-08-27 18:36:15.546] [puff::index::jointLog] [warning] Entry with header [ENSMUST00000177839.1], had length less than equal to the k-mer length of 31 (perhaps after poly-A clipping)
[2020-08-27 18:36:15.546] [puff::index::jointLog] [warning] Entry with header [ENSMUST00000103439.1], had length less than equal to the k-mer length of 31 (perhaps after poly-A clipping)
[2020-08-27 18:36:15.546] [puff::index::jointLog] [warning] Entry with header [ENSMUST00000180266.1], had length less than equal to the k-mer length of 31 (perhaps after poly-A clipping)
[2020-08-27 18:36:15.547] [puff::index::jointLog] [warning] Entry with header [ENSMUST00000103441.1], had length less than equal to the k-mer length of 31 (perhaps after poly-A clipping)
[2020-08-27 18:36:15.668] [puff::index::jointLog] [warning] Entry with header [ENSMUST00000165700.1], had length less than equal to the k-mer length of 31 (perhaps after poly-A clipping)
[2020-08-27 18:36:15.770] [puff::index::jointLog] [warning] Entry with header [ENSMUST00000186706.1], had length less than equal to the k-mer length of 31 (perhaps after poly-A clipping)
[2020-08-27 18:36:15.850] [puff::index::jointLog] [warning] Entry with header [ENSMUST00000202527.3], had length less than equal to the k-mer length of 31 (perhaps after poly-A clipping)
[2020-08-27 18:36:15.850] [puff::index::jointLog] [warning] Entry with header [ENSMUST00000201484.3], had length less than equal to the k-mer length of 31 (perhaps after poly-A clipping)
[2020-08-27 18:36:15.850] [puff::index::jointLog] [warning] Entry with header [ENSMUST00000200933.3], had length less than equal to the k-mer length of 31 (perhaps after poly-A clipping)
[2020-08-27 18:36:15.853] [puff::index::jointLog] [warning] Entry with header [ENSMUST00000202071.1], had length less than equal to the k-mer length of 31 (perhaps after poly-A clipping)
[2020-08-27 18:36:16.032] [puff::index::jointLog] [warning] Entry with header [ENSMUST00000144229.7], had length less than equal to the k-mer length of 31 (perhaps after poly-A clipping)
[2020-08-27 18:36:16.172] [puff::index::jointLog] [warning] Entry with header [ENSMUST00000140136.8], had length less than equal to the k-mer length of 31 (perhaps after poly-A clipping)
[2020-08-27 18:36:16.250] [puff::index::jointLog] [warning] Entry with header [ENSMUST00000162691.1], had length less than equal to the k-mer length of 31 (perhaps after poly-A clipping)
[2020-08-27 18:36:16.356] [puff::index::jointLog] [warning] Entry with header [ENSMUST00000226961.1], had length less than equal to the k-mer length of 31 (perhaps after poly-A clipping)
[2020-08-27 18:36:16.505] [puff::index::jointLog] [warning] Entry with header [ENSMUST00000192699.1], had length less than equal to the k-mer length of 31 (perhaps after poly-A clipping)
[2020-08-27 18:36:16.679] [puff::index::jointLog] [warning] Entry with header [ENSMUST00000193376.1], had length less than equal to the k-mer length of 31 (perhaps after poly-A clipping)
[2020-08-27 18:36:17.016] [puff::index::jointLog] [warning] Entry with header [ENSMUST00000125212.1], had length less than equal to the k-mer length of 31 (perhaps after poly-A clipping)
[2020-08-27 18:36:17.029] [puff::index::jointLog] [warning] Entry with header [ENSMUST00000230213.1], had length less than equal to the k-mer length of 31 (perhaps after poly-A clipping)
[2020-08-27 18:36:17.154] [puff::index::jointLog] [warning] Entry with header [ENSMUST00000228446.1], had length less than equal to the k-mer length of 31 (perhaps after poly-A clipping)
[2020-08-27 18:36:17.171] [puff::index::jointLog] [warning] Entry with header [ENSMUST00000226554.1], had length less than equal to the k-mer length of 31 (perhaps after poly-A clipping)
[2020-08-27 18:36:17.208] [puff::index::jointLog] [warning] Entry with header [ENSMUST00000135021.1], had length less than equal to the k-mer length of 31 (perhaps after poly-A clipping)
[2020-08-27 18:36:17.432] [puff::index::jointLog] [warning] Entry with header [ENSMUST00000145648.7], had length less than equal to the k-mer length of 31 (perhaps after poly-A clipping)
[2020-08-27 18:36:17.468] [puff::index::jointLog] [warning] Entry with header [ENSMUST00000146931.7], had length less than equal to the k-mer length of 31 (perhaps after poly-A clipping)
[2020-08-27 18:36:17.480] [puff::index::jointLog] [warning] Entry with header [ENSMUST00000126100.7], had length less than equal to the k-mer length of 31 (perhaps after poly-A clipping)
[2020-08-27 18:36:17.480] [puff::index::jointLog] [warning] Entry with header [ENSMUST00000123047.7], had length less than equal to the k-mer length of 31 (perhaps after poly-A clipping)
[2020-08-27 18:36:17.493] [puff::index::jointLog] [warning] Entry with header [ENSMUST00000133152.1], had length less than equal to the k-mer length of 31 (perhaps after poly-A clipping)
[2020-08-27 18:36:17.659] [puff::index::jointLog] [warning] Entry with header [ENSMUST00000210150.1], had length less than equal to the k-mer length of 31 (perhaps after poly-A clipping)
[2020-08-27 18:36:17.686] [puff::index::jointLog] [warning] Entry with header [ENSMUST00000217233.1], had length less than equal to the k-mer length of 31 (perhaps after poly-A clipping)
[2020-08-27 18:36:17.751] [puff::index::jointLog] [warning] Entry with header [ENSMUST00000177196.7], had length less than equal to the k-mer length of 31 (perhaps after poly-A clipping)
[2020-08-27 18:36:17.868] [puff::index::jointLog] [warning] Entry with header [ENSMUST00000142500.7], had length less than equal to the k-mer length of 31 (perhaps after poly-A clipping)
[2020-08-27 18:36:17.870] [puff::index::jointLog] [warning] Entry with header [ENSMUST00000173306.1], had length less than equal to the k-mer length of 31 (perhaps after poly-A clipping)
[2020-08-27 18:36:17.884] [puff::index::jointLog] [warning] Entry with header [ENSMUST00000144623.1], had length less than equal to the k-mer length of 31 (perhaps after poly-A clipping)
[2020-08-27 18:36:17.885] [puff::index::jointLog] [warning] Entry with header [ENSMUST00000196984.1], had length less than equal to the k-mer length of 31 (perhaps after poly-A clipping)
[2020-08-27 18:36:17.961] [puff::index::jointLog] [warning] Entry with header [ENSMUST00000157015.1], had length less than equal to the k-mer length of 31 (perhaps after poly-A clipping)
[2020-08-27 18:36:17.980] [puff::index::jointLog] [warning] Entry with header [ENSMUST00000233208.1], had length less than equal to the k-mer length of 31 (perhaps after poly-A clipping)
[2020-08-27 18:36:18.100] [puff::index::jointLog] [warning] Entry with header [ENSMUST00000141083.8], had length less than equal to the k-mer length of 31 (perhaps after poly-A clipping)
[2020-08-27 18:36:18.235] [puff::index::jointLog] [warning] Entry with header [ENSMUST00000194979.5], had length less than equal to the k-mer length of 31 (perhaps after poly-A clipping)
[2020-08-27 18:36:18.273] [puff::index::jointLog] [warning] Entry with header [ENSMUST00000159046.1], had length less than equal to the k-mer length of 31 (perhaps after poly-A clipping)
[2020-08-27 18:36:18.427] [puff::index::jointLog] [warning] Entry with header [ENSMUST00000159654.1], had length less than equal to the k-mer length of 31 (perhaps after poly-A clipping)
[2020-08-27 18:36:18.434] [puff::index::jointLog] [warning] Entry with header [ENSMUST00000143325.1], had length less than equal to the k-mer length of 31 (perhaps after poly-A clipping)
[2020-08-27 18:36:18.605] [puff::index::jointLog] [warning] Entry with header [ENSMUST00000163339.7], had length less than equal to the k-mer length of 31 (perhaps after poly-A clipping)
[2020-08-27 18:36:18.690] [puff::index::jointLog] [warning] Entry with header [ENSMUST00000186882.1], had length less than equal to the k-mer length of 31 (perhaps after poly-A clipping)
[2020-08-27 18:36:18.754] [puff::index::jointLog] [warning] Entry with header [ENSMUST00000227509.1], had length less than equal to the k-mer length of 31 (perhaps after poly-A clipping)
[2020-08-27 18:36:18.921] [puff::index::jointLog] [warning] Entry with header [ENSMUST00000152642.7], had length less than equal to the k-mer length of 31 (perhaps after poly-A clipping)
[2020-08-27 18:36:19.027] [puff::index::jointLog] [warning] Entry with header [ENSMUST00000160082.2], had length less than equal to the k-mer length of 31 (perhaps after poly-A clipping)
[2020-08-27 18:36:19.286] [puff::index::jointLog] [warning] Entry with header [ENSMUST00000135989.1], had length less than equal to the k-mer length of 31 (perhaps after poly-A clipping)
[2020-08-27 18:36:19.434] [puff::index::jointLog] [warning] Entry with header [ENSMUST00000160355.2], had length less than equal to the k-mer length of 31 (perhaps after poly-A clipping)
[2020-08-27 18:36:19.548] [puff::index::jointLog] [warning] Entry with header [ENSMUST00000223484.1], had length less than equal to the k-mer length of 31 (perhaps after poly-A clipping)
[2020-08-27 18:36:19.848] [puff::index::jointLog] [warning] Entry with header [ENSMUST00000151316.1], had length less than equal to the k-mer length of 31 (perhaps after poly-A clipping)
[2020-08-27 18:36:19.965] [puff::index::jointLog] [warning] Entry with header [ENSMUST00000161232.1], had length less than equal to the k-mer length of 31 (perhaps after poly-A clipping)
[2020-08-27 18:36:19.968] [puff::index::jointLog] [warning] Entry with header [ENSMUST00000215498.1], had length less than equal to the k-mer length of 31 (perhaps after poly-A clipping)
[2020-08-27 18:36:20.050] [puff::index::jointLog] [warning] Entry with header [ENSMUST00000156616.8], had length less than equal to the k-mer length of 31 (perhaps after poly-A clipping)
[2020-08-27 18:36:20.071] [puff::index::jointLog] [warning] Entry with header [ENSMUST00000197427.4], had length less than equal to the k-mer length of 31 (perhaps after poly-A clipping)
[2020-08-27 18:36:20.450] [puff::index::jointLog] [warning] Entry with header [ENSMUST00000172779.1], had length less than equal to the k-mer length of 31 (perhaps after poly-A clipping)
[2020-08-27 18:36:20.576] [puff::index::jointLog] [warning] Entry with header [ENSMUST00000179793.1], had length less than equal to the k-mer length of 31 (perhaps after poly-A clipping)
[2020-08-27 18:36:20.607] [puff::index::jointLog] [warning] Entry with header [ENSMUST00000207617.1], had length less than equal to the k-mer length of 31 (perhaps after poly-A clipping)
[2020-08-27 18:36:20.769] [puff::index::jointLog] [warning] Entry with header [ENSMUST00000197941.1], had length less than equal to the k-mer length of 31 (perhaps after poly-A clipping)
[2020-08-27 18:36:21.011] [puff::index::jointLog] [warning] Entry with header [ENSMUST00000200258.1], had length less than equal to the k-mer length of 31 (perhaps after poly-A clipping)
[2020-08-27 18:36:21.100] [puff::index::jointLog] [warning] Entry with header [ENSMUST00000147496.1], had length less than equal to the k-mer length of 31 (perhaps after poly-A clipping)
[2020-08-27 18:36:21.172] [puff::index::jointLog] [warning] Entry with header [ENSMUST00000195057.1], had length less than equal to the k-mer length of 31 (perhaps after poly-A clipping)
[2020-08-27 18:36:21.430] [puff::index::jointLog] [warning] Entry with header [ENSMUST00000150284.7], had length less than equal to the k-mer length of 31 (perhaps after poly-A clipping)
[2020-08-27 18:36:21.586] [puff::index::jointLog] [warning] Entry with header [ENSMUST00000210854.1], had length less than equal to the k-mer length of 31 (perhaps after poly-A clipping)
[2020-08-27 18:36:21.625] [puff::index::jointLog] [warning] Entry with header [ENSMUST00000204167.1], had length less than equal to the k-mer length of 31 (perhaps after poly-A clipping)
[2020-08-27 18:36:21.703] [puff::index::jointLog] [warning] Entry with header [ENSMUST00000207328.1], had length less than equal to the k-mer length of 31 (perhaps after poly-A clipping)
[2020-08-27 18:36:21.712] [puff::index::jointLog] [warning] Entry with header [ENSMUST00000138051.1], had length less than equal to the k-mer length of 31 (perhaps after poly-A clipping)
[2020-08-27 18:36:21.743] [puff::index::jointLog] [warning] Entry with header [ENSMUST00000142854.1], had length less than equal to the k-mer length of 31 (perhaps after poly-A clipping)
[2020-08-27 18:36:21.890] [puff::index::jointLog] [warning] Entry with header [ENSMUST00000222973.1], had length less than equal to the k-mer length of 31 (perhaps after poly-A clipping)
[2020-08-27 18:36:21.920] [puff::index::jointLog] [warning] Entry with header [ENSMUST00000219055.1], had length less than equal to the k-mer length of 31 (perhaps after poly-A clipping)
[2020-08-27 18:36:21.970] [puff::index::jointLog] [warning] Entry with header [ENSMUST00000152914.1], had length less than equal to the k-mer length of 31 (perhaps after poly-A clipping)
[2020-08-27 18:36:21.976] [puff::index::jointLog] [warning] Entry with header [ENSMUST00000132745.1], had length less than equal to the k-mer length of 31 (perhaps after poly-A clipping)
[2020-08-27 18:36:22.122] [puff::index::jointLog] [warning] Entry with header [ENSMUST00000132869.1], had length less than equal to the k-mer length of 31 (perhaps after poly-A clipping)
[2020-08-27 18:36:22.250] [puff::index::jointLog] [warning] Entry with header [ENSMUST00000127955.1], had length less than equal to the k-mer length of 31 (perhaps after poly-A clipping)
[2020-08-27 18:36:22.288] [puff::index::jointLog] [warning] Entry with header [ENSMUST00000138043.7], had length less than equal to the k-mer length of 31 (perhaps after poly-A clipping)
[2020-08-27 18:36:22.389] [puff::index::jointLog] [warning] Entry with header [ENSMUST00000237029.1], had length less than equal to the k-mer length of 31 (perhaps after poly-A clipping)
[2020-08-27 18:36:22.631] [puff::index::jointLog] [warning] Entry with header [ENSMUST00000230652.1], had length less than equal to the k-mer length of 31 (perhaps after poly-A clipping)
[2020-08-27 18:36:22.645] [puff::index::jointLog] [warning] Entry with header [ENSMUST00000162497.7], had length less than equal to the k-mer length of 31 (perhaps after poly-A clipping)
[2020-08-27 18:36:22.647] [puff::index::jointLog] [warning] Entry with header [ENSMUST00000128781.8], had length less than equal to the k-mer length of 31 (perhaps after poly-A clipping)
[2020-08-27 18:36:22.655] [puff::index::jointLog] [warning] Entry with header [ENSMUST00000130204.1], had length less than equal to the k-mer length of 31 (perhaps after poly-A clipping)
[2020-08-27 18:36:22.655] [puff::index::jointLog] [warning] Entry with header [ENSMUST00000155563.1], had length less than equal to the k-mer length of 31 (perhaps after poly-A clipping)
[2020-08-27 18:36:22.899] [puff::index::jointLog] [warning] Entry with header [ENSMUST00000204325.1], had length less than equal to the k-mer length of 31 (perhaps after poly-A clipping)
[2020-08-27 18:36:23.248] [puff::index::jointLog] [warning] Entry with header [ENSMUST00000135730.1], had length less than equal to the k-mer length of 31 (perhaps after poly-A clipping)
[2020-08-27 18:36:23.380] [puff::index::jointLog] [warning] Entry with header [ENSMUST00000212076.1], had length less than equal to the k-mer length of 31 (perhaps after poly-A clipping)
[2020-08-27 18:36:23.381] [puff::index::jointLog] [warning] Entry with header [ENSMUST00000212786.1], had length less than equal to the k-mer length of 31 (perhaps after poly-A clipping)
[2020-08-27 18:36:23.605] [puff::index::jointLog] [warning] Entry with header [ENSMUST00000130345.1], had length less than equal to the k-mer length of 31 (perhaps after poly-A clipping)
[2020-08-27 18:36:23.648] [puff::index::jointLog] [warning] Entry with header [ENSMUST00000174455.1], had length less than equal to the k-mer length of 31 (perhaps after poly-A clipping)
[2020-08-27 18:36:23.907] [puff::index::jointLog] [warning] Entry with header [ENSMUST00000129068.1], had length less than equal to the k-mer length of 31 (perhaps after poly-A clipping)
[2020-08-27 18:36:23.928] [puff::index::jointLog] [warning] Entry with header [ENSMUST00000219553.1], had length less than equal to the k-mer length of 31 (perhaps after poly-A clipping)
[2020-08-27 18:36:24.089] [puff::index::jointLog] [warning] Entry with header [ENSMUST00000179038.1], had length less than equal to the k-mer length of 31 (perhaps after poly-A clipping)
[2020-08-27 18:36:24.156] [puff::index::jointLog] [warning] Entry with header [ENSMUST00000204569.1], had length less than equal to the k-mer length of 31 (perhaps after poly-A clipping)
[2020-08-27 18:36:24.269] [puff::index::jointLog] [warning] Entry with header [ENSMUST00000141196.1], had length less than equal to the k-mer length of 31 (perhaps after poly-A clipping)
[2020-08-27 18:36:24.420] [puff::index::jointLog] [warning] Entry with header [ENSMUST00000125110.1], had length less than equal to the k-mer length of 31 (perhaps after poly-A clipping)
[2020-08-27 18:36:24.467] [puff::index::jointLog] [warning] Entry with header [ENSMUST00000223324.1], had length less than equal to the k-mer length of 31 (perhaps after poly-A clipping)
[2020-08-27 18:36:24.767] [puff::index::jointLog] [warning] Entry with header [ENSMUST00000133133.1], had length less than equal to the k-mer length of 31 (perhaps after poly-A clipping)
[2020-08-27 18:36:24.870] [puff::index::jointLog] [warning] Entry with header [ENSMUST00000133029.1], had length less than equal to the k-mer length of 31 (perhaps after poly-A clipping)
[2020-08-27 18:36:24.925] [puff::index::jointLog] [warning] Entry with header [ENSMUST00000143582.7], had length less than equal to the k-mer length of 31 (perhaps after poly-A clipping)
[2020-08-27 18:36:25.341] [puff::index::jointLog] [warning] Entry with header [ENSMUST00000204521.1], had length less than equal to the k-mer length of 31 (perhaps after poly-A clipping)
[2020-08-27 18:36:25.572] [puff::index::jointLog] [warning] Entry with header [ENSMUST00000140626.7], had length less than equal to the k-mer length of 31 (perhaps after poly-A clipping)
[2020-08-27 18:36:25.751] [puff::index::jointLog] [warning] Entry with header [ENSMUST00000127054.1], had length less than equal to the k-mer length of 31 (perhaps after poly-A clipping)
[2020-08-27 18:36:25.825] [puff::index::jointLog] [warning] Entry with header [ENSMUST00000147803.7], had length less than equal to the k-mer length of 31 (perhaps after poly-A clipping)
[2020-08-27 18:36:25.933] [puff::index::jointLog] [warning] Entry with header [ENSMUST00000151308.1], had length less than equal to the k-mer length of 31 (perhaps after poly-A clipping)
[2020-08-27 18:36:26.494] [puff::index::jointLog] [warning] Entry with header [ENSMUST00000198838.1], had length less than equal to the k-mer length of 31 (perhaps after poly-A clipping)
[2020-08-27 18:36:26.494] [puff::index::jointLog] [warning] Entry with header [ENSMUST00000200673.1], had length less than equal to the k-mer length of 31 (perhaps after poly-A clipping)
[2020-08-27 18:36:26.567] [puff::index::jointLog] [warning] Entry with header [ENSMUST00000129622.1], had length less than equal to the k-mer length of 31 (perhaps after poly-A clipping)
[2020-08-27 18:36:26.598] [puff::index::jointLog] [warning] Entry with header [ENSMUST00000125292.1], had length less than equal to the k-mer length of 31 (perhaps after poly-A clipping)
[2020-08-27 18:36:26.635] [puff::index::jointLog] [warning] Entry with header [ENSMUST00000125268.1], had length less than equal to the k-mer length of 31 (perhaps after poly-A clipping)
[2020-08-27 18:36:26.691] [puff::index::jointLog] [warning] Entry with header [ENSMUST00000148061.1], had length less than equal to the k-mer length of 31 (perhaps after poly-A clipping)
[2020-08-27 18:36:26.691] [puff::index::jointLog] [warning] Entry with header [ENSMUST00000125712.1], had length less than equal to the k-mer length of 31 (perhaps after poly-A clipping)
[2020-08-27 18:36:26.691] [puff::index::jointLog] [warning] Entry with header [ENSMUST00000142900.7], had length less than equal to the k-mer length of 31 (perhaps after poly-A clipping)
[2020-08-27 18:36:26.691] [puff::index::jointLog] [warning] Entry with header [ENSMUST00000151510.1], had length less than equal to the k-mer length of 31 (perhaps after poly-A clipping)
[2020-08-27 18:36:26.944] [puff::index::jointLog] [warning] Entry with header [ENSMUST00000147845.1], had length less than equal to the k-mer length of 31 (perhaps after poly-A clipping)
[2020-08-27 18:36:27.015] [puff::index::jointLog] [warning] Entry with header [ENSMUST00000230563.1], had length less than equal to the k-mer length of 31 (perhaps after poly-A clipping)
[2020-08-27 18:36:27.064] [puff::index::jointLog] [warning] Entry with header [ENSMUST00000207001.1], had length less than equal to the k-mer length of 31 (perhaps after poly-A clipping)
[2020-08-27 18:36:27.149] [puff::index::jointLog] [warning] Entry with header [ENSMUST00000189541.6], had length less than equal to the k-mer length of 31 (perhaps after poly-A clipping)
[2020-08-27 18:36:27.443] [puff::index::jointLog] [warning] Entry with header [ENSMUST00000168362.1], had length less than equal to the k-mer length of 31 (perhaps after poly-A clipping)
[2020-08-27 18:36:27.584] [puff::index::jointLog] [warning] Entry with header [ENSMUST00000217730.1], had length less than equal to the k-mer length of 31 (perhaps after poly-A clipping)
[2020-08-27 18:36:27.622] [puff::index::jointLog] [warning] Entry with header [ENSMUST00000171968.7], had length less than equal to the k-mer length of 31 (perhaps after poly-A clipping)
[2020-08-27 18:36:27.650] [puff::index::jointLog] [warning] Entry with header [ENSMUST00000194913.1], had length less than equal to the k-mer length of 31 (perhaps after poly-A clipping)
[2020-08-27 18:36:27.661] [puff::index::jointLog] [warning] Entry with header [ENSMUST00000152516.1], had length less than equal to the k-mer length of 31 (perhaps after poly-A clipping)
[2020-08-27 18:36:27.672] [puff::index::jointLog] [warning] Entry with header [ENSMUST00000130865.1], had length less than equal to the k-mer length of 31 (perhaps after poly-A clipping)
[2020-08-27 18:36:27.735] [puff::index::jointLog] [warning] Entry with header [ENSMUST00000175875.1], had length less than equal to the k-mer length of 31 (perhaps after poly-A clipping)
[2020-08-27 18:36:27.887] [puff::index::jointLog] [warning] Entry with header [ENSMUST00000176736.2], had length less than equal to the k-mer length of 31 (perhaps after poly-A clipping)
[2020-08-27 18:36:27.998] [puff::index::jointLog] [warning] Entry with header [ENSMUST00000170628.1], had length less than equal to the k-mer length of 31 (perhaps after poly-A clipping)
[2020-08-27 18:36:28.024] [puff::index::jointLog] [warning] Entry with header [ENSMUST00000155236.1], had length less than equal to the k-mer length of 31 (perhaps after poly-A clipping)
[2020-08-27 18:36:28.024] [puff::index::jointLog] [warning] Entry with header [ENSMUST00000143762.1], had length less than equal to the k-mer length of 31 (perhaps after poly-A clipping)
[2020-08-27 18:36:28.064] [puff::index::jointLog] [warning] Entry with header [ENSMUST00000221627.1], had length less than equal to the k-mer length of 31 (perhaps after poly-A clipping)
[2020-08-27 18:36:28.333] [puff::index::jointLog] [warning] Entry with header [ENSMUST00000170932.7], had length less than equal to the k-mer length of 31 (perhaps after poly-A clipping)
[2020-08-27 18:36:28.404] [puff::index::jointLog] [warning] Entry with header [ENSMUST00000209651.1], had length less than equal to the k-mer length of 31 (perhaps after poly-A clipping)
[2020-08-27 18:36:28.413] [puff::index::jointLog] [warning] Entry with header [ENSMUST00000188957.1], had length less than equal to the k-mer length of 31 (perhaps after poly-A clipping)
[2020-08-27 18:36:28.517] [puff::index::jointLog] [warning] Entry with header [ENSMUST00000147313.1], had length less than equal to the k-mer length of 31 (perhaps after poly-A clipping)
[2020-08-27 18:36:28.668] [puff::index::jointLog] [warning] Entry with header [ENSMUST00000210256.1], had length less than equal to the k-mer length of 31 (perhaps after poly-A clipping)
[2020-08-27 18:36:28.806] [puff::index::jointLog] [warning] Entry with header [ENSMUST00000140410.1], had length less than equal to the k-mer length of 31 (perhaps after poly-A clipping)
[2020-08-27 18:36:28.855] [puff::index::jointLog] [warning] Entry with header [ENSMUST00000144999.1], had length less than equal to the k-mer length of 31 (perhaps after poly-A clipping)
[2020-08-27 18:36:28.922] [puff::index::jointLog] [warning] Entry with header [ENSMUST00000132001.1], had length less than equal to the k-mer length of 31 (perhaps after poly-A clipping)
[2020-08-27 18:36:28.938] [puff::index::jointLog] [warning] Entry with header [ENSMUST00000218605.1], had length less than equal to the k-mer length of 31 (perhaps after poly-A clipping)
[2020-08-27 18:36:29.120] [puff::index::jointLog] [warning] Entry with header [ENSMUST00000237153.1], had length less than equal to the k-mer length of 31 (perhaps after poly-A clipping)
[2020-08-27 18:36:29.163] [puff::index::jointLog] [warning] Entry with header [ENSMUST00000218370.1], had length less than equal to the k-mer length of 31 (perhaps after poly-A clipping)
[2020-08-27 18:36:29.254] [puff::index::jointLog] [warning] Entry with header [ENSMUST00000210786.1], had length less than equal to the k-mer length of 31 (perhaps after poly-A clipping)
[2020-08-27 18:36:29.342] [puff::index::jointLog] [warning] Entry with header [ENSMUST00000127227.1], had length less than equal to the k-mer length of 31 (perhaps after poly-A clipping)
[2020-08-27 18:36:29.366] [puff::index::jointLog] [warning] Entry with header [ENSMUST00000154100.7], had length less than equal to the k-mer length of 31 (perhaps after poly-A clipping)
[2020-08-27 18:36:29.560] [puff::index::jointLog] [warning] Entry with header [ENSMUST00000210863.1], had length less than equal to the k-mer length of 31 (perhaps after poly-A clipping)
[2020-08-27 18:36:29.642] [puff::index::jointLog] [warning] Entry with header [ENSMUST00000153274.1], had length less than equal to the k-mer length of 31 (perhaps after poly-A clipping)
[2020-08-27 18:36:29.968] [puff::index::jointLog] [warning] Entry with header [ENSMUST00000209763.1], had length less than equal to the k-mer length of 31 (perhaps after poly-A clipping)
[2020-08-27 18:36:30.080] [puff::index::jointLog] [warning] Entry with header [ENSMUST00000167484.1], had length less than equal to the k-mer length of 31 (perhaps after poly-A clipping)
[2020-08-27 18:36:30.091] [puff::index::jointLog] [warning] Entry with header [ENSMUST00000222950.1], had length less than equal to the k-mer length of 31 (perhaps after poly-A clipping)
[2020-08-27 18:36:30.102] [puff::index::jointLog] [warning] Entry with header [ENSMUST00000175972.1], had length less than equal to the k-mer length of 31 (perhaps after poly-A clipping)
[2020-08-27 18:36:30.169] [puff::index::jointLog] [warning] Entry with header [ENSMUST00000221646.1], had length less than equal to the k-mer length of 31 (perhaps after poly-A clipping)
[2020-08-27 18:36:30.235] [puff::index::jointLog] [warning] Entry with header [ENSMUST00000201561.3], had length less than equal to the k-mer length of 31 (perhaps after poly-A clipping)
[2020-08-27 18:36:30.321] [puff::index::jointLog] [warning] Entry with header [ENSMUST00000141505.1], had length less than equal to the k-mer length of 31 (perhaps after poly-A clipping)
[2020-08-27 18:36:30.536] [puff::index::jointLog] [warning] Entry with header [ENSMUST00000212610.1], had length less than equal to the k-mer length of 31 (perhaps after poly-A clipping)
[2020-08-27 18:36:30.660] [puff::index::jointLog] [warning] Entry with header [ENSMUST00000176800.1], had length less than equal to the k-mer length of 31 (perhaps after poly-A clipping)
[2020-08-27 18:36:30.832] [puff::index::jointLog] [warning] Entry with header [ENSMUST00000125846.1], had length less than equal to the k-mer length of 31 (perhaps after poly-A clipping)
[2020-08-27 18:36:31.607] [puff::index::jointLog] [warning] Entry with header [ENSMUST00000147920.1], had length less than equal to the k-mer length of 31 (perhaps after poly-A clipping)
[2020-08-27 18:36:32.015] [puff::index::jointLog] [warning] Entry with header [ENSMUST00000217703.1], had length less than equal to the k-mer length of 31 (perhaps after poly-A clipping)
[2020-08-27 18:36:32.126] [puff::index::jointLog] [warning] Entry with header [ENSMUST00000153364.1], had length less than equal to the k-mer length of 31 (perhaps after poly-A clipping)
[2020-08-27 18:36:32.283] [puff::index::jointLog] [warning] Entry with header [ENSMUST00000228114.1], had length less than equal to the k-mer length of 31 (perhaps after poly-A clipping)
[2020-08-27 18:36:32.375] [puff::index::jointLog] [warning] Entry with header [ENSMUST00000124026.7], had length less than equal to the k-mer length of 31 (perhaps after poly-A clipping)
[2020-08-27 18:36:32.433] [puff::index::jointLog] [warning] Entry with header [ENSMUST00000146609.2], had length less than equal to the k-mer length of 31 (perhaps after poly-A clipping)
[2020-08-27 18:36:32.594] [puff::index::jointLog] [warning] Entry with header [ENSMUST00000142898.1], had length less than equal to the k-mer length of 31 (perhaps after poly-A clipping)
[2020-08-27 18:36:32.732] [puff::index::jointLog] [warning] Entry with header [ENSMUST00000140483.1], had length less than equal to the k-mer length of 31 (perhaps after poly-A clipping)
[2020-08-27 18:36:32.815] [puff::index::jointLog] [warning] Entry with header [ENSMUST00000129055.1], had length less than equal to the k-mer length of 31 (perhaps after poly-A clipping)
[2020-08-27 18:36:33.089] [puff::index::jointLog] [warning] Entry with header [ENSMUST00000142760.1], had length less than equal to the k-mer length of 31 (perhaps after poly-A clipping)
[2020-08-27 18:36:33.175] [puff::index::jointLog] [warning] Entry with header [ENSMUST00000149292.7], had length less than equal to the k-mer length of 31 (perhaps after poly-A clipping)
[2020-08-27 18:36:33.847] [puff::index::jointLog] [warning] Removed 10177 transcripts that were sequence duplicates of indexed transcripts.
[2020-08-27 18:36:33.847] [puff::index::jointLog] [warning] If you wish to retain duplicate transcripts, please use the `--keepDuplicates` flag
[2020-08-27 18:36:33.869] [puff::index::jointLog] [info] Replaced 6,584 non-ATCG nucleotides
[2020-08-27 18:36:33.869] [puff::index::jointLog] [info] Clipped poly-A tails from 1 transcripts
[2020-08-27 18:36:35.852] [puff::index::jointLog] [info] Filter size not provided; estimating from number of distinct k-mers
[2020-08-27 18:36:49.277] [puff::index::jointLog] [info] ntHll estimated 34931209 distinct k-mers, setting filter size to 2^30
[2020-08-27 18:41:00.693] [puff::index::jointLog] [info] Starting the Pufferfish indexing by reading the GFA binary file.
[2020-08-27 18:41:00.693] [puff::index::jointLog] [info] Setting the index/BinaryGfa directory mouse_index
[2020-08-27 18:41:00.905] [puff::index::jointLog] [info] Done wrapping the rank vector with a rank9sel structure.
[2020-08-27 18:41:00.911] [puff::index::jointLog] [info] contig count for validation: 190,891
[2020-08-27 18:41:01.073] [puff::index::jointLog] [info] Total # of Contigs : 190,891
[2020-08-27 18:41:01.073] [puff::index::jointLog] [info] Total # of numerical Contigs : 190,891
[2020-08-27 18:41:01.091] [puff::index::jointLog] [info] Total # of contig vec entries: 585,834
[2020-08-27 18:41:01.091] [puff::index::jointLog] [info] bits per offset entry 20
[2020-08-27 18:41:01.139] [puff::index::jointLog] [info] Done constructing the contig vector. 190892
[2020-08-27 18:41:01.271] [puff::index::jointLog] [info] # segments = 190,891
[2020-08-27 18:41:01.271] [puff::index::jointLog] [info] total length = 40,727,538
[2020-08-27 18:41:01.333] [puff::index::jointLog] [info] Reading the reference files ...
[2020-08-27 18:41:02.019] [puff::index::jointLog] [info] positional integer width = 26
[2020-08-27 18:41:02.019] [puff::index::jointLog] [info] seqSize = 40,727,538
[2020-08-27 18:41:02.019] [puff::index::jointLog] [info] rankSize = 40,727,538
[2020-08-27 18:41:02.019] [puff::index::jointLog] [info] edgeVecSize = 0
[2020-08-27 18:41:02.019] [puff::index::jointLog] [info] num keys = 35,000,808
[2020-08-27 18:41:09.006] [puff::index::jointLog] [info] mphf size = 21.8628 MB
[2020-08-27 18:41:09.149] [puff::index::jointLog] [info] chunk size = 20,363,769
[2020-08-27 18:41:09.149] [puff::index::jointLog] [info] chunk 0 = [0, 20,363,769)
[2020-08-27 18:41:09.149] [puff::index::jointLog] [info] chunk 1 = [20,363,769, 40,727,508)
[2020-08-27 18:41:17.799] [puff::index::jointLog] [info] finished populating pos vector
[2020-08-27 18:41:17.799] [puff::index::jointLog] [info] writing index components
[2020-08-27 18:41:19.035] [puff::index::jointLog] [info] finished writing dense pufferfish index
