[2020-08-27 20:40:48.978] [jointLog] [info] setting maxHashResizeThreads to 4
[2020-08-27 20:40:48.978] [jointLog] [info] Fragment incompatibility prior below threshold.  Incompatible fragments will be ignored.
[2020-08-27 20:40:48.978] [jointLog] [info] Usage of --validateMappings implies use of minScoreFraction. Since not explicitly specified, it is being set to 0.65
[2020-08-27 20:40:48.978] [jointLog] [info] Usage of --validateMappings implies a default consensus slack of 0.2. Setting consensusSlack to 0.35.
[2020-08-27 20:40:48.978] [jointLog] [info] parsing read library format
[2020-08-27 20:40:48.978] [jointLog] [info] There is 1 library.
[2020-08-27 20:40:49.091] [jointLog] [info] Loading pufferfish index
[2020-08-27 20:40:49.091] [jointLog] [info] Loading dense pufferfish index.
[2020-08-27 20:40:49.584] [jointLog] [info] done
[2020-08-27 20:40:49.584] [jointLog] [info] Index contained 58,204 targets
[2020-08-27 20:40:50.641] [jointLog] [info] Number of decoys : 0
[2020-08-27 20:40:51.998] [jointLog] [info] Automatically detected most likely library type as ISR
[2020-08-27 20:54:44.002] [jointLog] [info] Thread saw mini-batch with a maximum of 0.42% zero probability fragments
[2020-08-27 20:54:44.023] [jointLog] [info] Thread saw mini-batch with a maximum of 0.40% zero probability fragments
[2020-08-27 20:54:44.053] [jointLog] [info] Thread saw mini-batch with a maximum of 0.48% zero probability fragments
[2020-08-27 20:54:44.073] [jointLog] [info] Thread saw mini-batch with a maximum of 0.38% zero probability fragments
[2020-08-27 20:54:44.166] [jointLog] [info] Computed 87,812 rich equivalence classes for further processing
[2020-08-27 20:54:44.166] [jointLog] [info] Counted 26,061,239 total reads in the equivalence classes 
[2020-08-27 20:54:44.171] [jointLog] [info] Number of mappings discarded because of alignment score : 65,350,951
[2020-08-27 20:54:44.171] [jointLog] [info] Number of fragments entirely discarded because of alignment score : 10,583,625
[2020-08-27 20:54:44.171] [jointLog] [info] Number of fragments discarded because they are best-mapped to decoys : 0
[2020-08-27 20:54:44.171] [jointLog] [info] Number of fragments discarded because they have only dovetail (discordant) mappings to valid targets : 1,393,848
[2020-08-27 20:54:44.171] [jointLog] [info] Mapping rate = 55.592%

[2020-08-27 20:54:44.171] [jointLog] [info] finished quantifyLibrary()
[2020-08-27 20:54:44.172] [jointLog] [info] Starting optimizer
[2020-08-27 20:54:44.207] [jointLog] [info] Marked 0 weighted equivalence classes as degenerate
[2020-08-27 20:54:44.214] [jointLog] [info] iteration = 0 | max rel diff. = 21289.5
[2020-08-27 20:54:44.276] [jointLog] [info] iteration 11, adjusting effective lengths to account for biases
[2020-08-27 20:54:44.166] [fileLog] [info] 
At end of round 0
==================
Observed 46879516 total fragments (46879516 in most recent round)

[2020-08-27 20:55:18.379] [jointLog] [info] Computed expected counts (for bias correction)
[2020-08-27 20:55:18.380] [jointLog] [info] processed bias for 0.0% of the transcripts
[2020-08-27 20:55:20.460] [jointLog] [info] processed bias for 10.0% of the transcripts
[2020-08-27 20:55:22.697] [jointLog] [info] processed bias for 20.0% of the transcripts
[2020-08-27 20:55:25.028] [jointLog] [info] processed bias for 30.0% of the transcripts
[2020-08-27 20:55:27.236] [jointLog] [info] processed bias for 40.0% of the transcripts
[2020-08-27 20:55:29.546] [jointLog] [info] processed bias for 50.0% of the transcripts
[2020-08-27 20:55:31.894] [jointLog] [info] processed bias for 60.0% of the transcripts
[2020-08-27 20:55:34.132] [jointLog] [info] processed bias for 70.0% of the transcripts
[2020-08-27 20:55:36.549] [jointLog] [info] processed bias for 80.0% of the transcripts
[2020-08-27 20:55:38.993] [jointLog] [info] processed bias for 90.0% of the transcripts
[2020-08-27 20:55:41.730] [jointLog] [info] processed bias for 100.0% of the transcripts
[2020-08-27 20:55:42.256] [jointLog] [info] iteration = 100 | max rel diff. = 14.2117
[2020-08-27 20:55:42.842] [jointLog] [info] iteration = 200 | max rel diff. = 2.42366
[2020-08-27 20:55:43.422] [jointLog] [info] iteration = 300 | max rel diff. = 1.76728
[2020-08-27 20:55:44.002] [jointLog] [info] iteration = 400 | max rel diff. = 0.162223
[2020-08-27 20:55:44.631] [jointLog] [info] iteration = 500 | max rel diff. = 0.681836
[2020-08-27 20:55:45.232] [jointLog] [info] iteration = 600 | max rel diff. = 0.0967692
[2020-08-27 20:55:45.819] [jointLog] [info] iteration = 700 | max rel diff. = 0.285537
[2020-08-27 20:55:46.397] [jointLog] [info] iteration = 800 | max rel diff. = 0.0500284
[2020-08-27 20:55:46.975] [jointLog] [info] iteration = 900 | max rel diff. = 0.0412435
[2020-08-27 20:55:47.264] [jointLog] [info] iteration = 951 | max rel diff. = 0.00815788
[2020-08-27 20:55:47.268] [jointLog] [info] Finished optimizer
[2020-08-27 20:55:47.268] [jointLog] [info] writing output 

