[2020-08-28 08:41:27.401] [jointLog] [info] setting maxHashResizeThreads to 4
[2020-08-28 08:41:27.401] [jointLog] [info] Fragment incompatibility prior below threshold.  Incompatible fragments will be ignored.
[2020-08-28 08:41:27.401] [jointLog] [info] Usage of --validateMappings implies use of minScoreFraction. Since not explicitly specified, it is being set to 0.65
[2020-08-28 08:41:27.401] [jointLog] [info] Usage of --validateMappings implies a default consensus slack of 0.2. Setting consensusSlack to 0.35.
[2020-08-28 08:41:27.401] [jointLog] [info] parsing read library format
[2020-08-28 08:41:27.401] [jointLog] [info] There is 1 library.
[2020-08-28 08:41:27.471] [jointLog] [info] Loading pufferfish index
[2020-08-28 08:41:27.471] [jointLog] [info] Loading dense pufferfish index.
[2020-08-28 08:41:27.736] [jointLog] [info] done
[2020-08-28 08:41:27.736] [jointLog] [info] Index contained 58,204 targets
[2020-08-28 08:41:28.236] [jointLog] [info] Number of decoys : 0
[2020-08-28 08:41:29.028] [jointLog] [info] Automatically detected most likely library type as ISR
[2020-08-28 09:06:56.188] [jointLog] [info] Thread saw mini-batch with a maximum of 0.48% zero probability fragments
[2020-08-28 09:06:56.308] [jointLog] [info] Thread saw mini-batch with a maximum of 0.50% zero probability fragments
[2020-08-28 09:06:56.343] [jointLog] [info] Thread saw mini-batch with a maximum of 0.48% zero probability fragments
[2020-08-28 09:06:56.368] [jointLog] [info] Thread saw mini-batch with a maximum of 0.46% zero probability fragments
[2020-08-28 09:06:56.441] [jointLog] [info] Computed 96,696 rich equivalence classes for further processing
[2020-08-28 09:06:56.441] [jointLog] [info] Counted 33,393,597 total reads in the equivalence classes 
[2020-08-28 09:06:56.445] [jointLog] [info] Number of mappings discarded because of alignment score : 87,677,556
[2020-08-28 09:06:56.445] [jointLog] [info] Number of fragments entirely discarded because of alignment score : 13,144,259
[2020-08-28 09:06:56.445] [jointLog] [info] Number of fragments discarded because they are best-mapped to decoys : 0
[2020-08-28 09:06:56.445] [jointLog] [info] Number of fragments discarded because they have only dovetail (discordant) mappings to valid targets : 1,962,283
[2020-08-28 09:06:56.445] [jointLog] [info] Mapping rate = 54.8832%

[2020-08-28 09:06:56.445] [jointLog] [info] finished quantifyLibrary()
[2020-08-28 09:06:56.448] [jointLog] [info] Starting optimizer
[2020-08-28 09:06:56.475] [jointLog] [info] Marked 0 weighted equivalence classes as degenerate
[2020-08-28 09:06:56.479] [jointLog] [info] iteration = 0 | max rel diff. = 16292.4
[2020-08-28 09:06:56.519] [jointLog] [info] iteration 11, adjusting effective lengths to account for biases
[2020-08-28 09:06:56.441] [fileLog] [info] 
At end of round 0
==================
Observed 60844806 total fragments (60844806 in most recent round)

[2020-08-28 09:07:21.684] [jointLog] [info] Computed expected counts (for bias correction)
[2020-08-28 09:07:21.684] [jointLog] [info] processed bias for 0.1% of the transcripts
[2020-08-28 09:07:23.142] [jointLog] [info] processed bias for 10.0% of the transcripts
[2020-08-28 09:07:25.003] [jointLog] [info] processed bias for 20.0% of the transcripts
[2020-08-28 09:07:26.718] [jointLog] [info] processed bias for 30.0% of the transcripts
[2020-08-28 09:07:28.427] [jointLog] [info] processed bias for 40.0% of the transcripts
[2020-08-28 09:07:30.307] [jointLog] [info] processed bias for 50.0% of the transcripts
[2020-08-28 09:07:32.012] [jointLog] [info] processed bias for 60.0% of the transcripts
[2020-08-28 09:07:33.738] [jointLog] [info] processed bias for 70.0% of the transcripts
[2020-08-28 09:07:35.586] [jointLog] [info] processed bias for 80.0% of the transcripts
[2020-08-28 09:07:37.293] [jointLog] [info] processed bias for 90.0% of the transcripts
[2020-08-28 09:07:39.092] [jointLog] [info] processed bias for 100.0% of the transcripts
[2020-08-28 09:07:39.127] [jointLog] [info] processed bias for 100.0% of the transcripts
[2020-08-28 09:07:39.530] [jointLog] [info] iteration = 100 | max rel diff. = 16.2945
[2020-08-28 09:07:39.960] [jointLog] [info] iteration = 200 | max rel diff. = 4.63264
[2020-08-28 09:07:40.382] [jointLog] [info] iteration = 300 | max rel diff. = 0.183572
[2020-08-28 09:07:40.801] [jointLog] [info] iteration = 400 | max rel diff. = 5.49514
[2020-08-28 09:07:41.217] [jointLog] [info] iteration = 500 | max rel diff. = 0.311096
[2020-08-28 09:07:41.621] [jointLog] [info] iteration = 600 | max rel diff. = 0.0894624
[2020-08-28 09:07:42.027] [jointLog] [info] iteration = 700 | max rel diff. = 0.0368273
[2020-08-28 09:07:42.433] [jointLog] [info] iteration = 800 | max rel diff. = 0.276587
[2020-08-28 09:07:42.838] [jointLog] [info] iteration = 900 | max rel diff. = 0.191771
[2020-08-28 09:07:42.976] [jointLog] [info] iteration = 935 | max rel diff. = 0.00822328
[2020-08-28 09:07:42.978] [jointLog] [info] Finished optimizer
[2020-08-28 09:07:42.978] [jointLog] [info] writing output 

