[2020-08-27 21:15:40.284] [jointLog] [info] setting maxHashResizeThreads to 4
[2020-08-27 21:15:40.284] [jointLog] [info] Fragment incompatibility prior below threshold.  Incompatible fragments will be ignored.
[2020-08-27 21:15:40.284] [jointLog] [info] Usage of --validateMappings implies use of minScoreFraction. Since not explicitly specified, it is being set to 0.65
[2020-08-27 21:15:40.284] [jointLog] [info] Usage of --validateMappings implies a default consensus slack of 0.2. Setting consensusSlack to 0.35.
[2020-08-27 21:15:40.284] [jointLog] [info] parsing read library format
[2020-08-27 21:15:40.284] [jointLog] [info] There is 1 library.
[2020-08-27 21:15:40.384] [jointLog] [info] Loading pufferfish index
[2020-08-27 21:15:40.386] [jointLog] [info] Loading dense pufferfish index.
[2020-08-27 21:15:40.805] [jointLog] [info] done
[2020-08-27 21:15:40.805] [jointLog] [info] Index contained 58,204 targets
[2020-08-27 21:15:41.649] [jointLog] [info] Number of decoys : 0
[2020-08-27 21:15:42.834] [jointLog] [info] Automatically detected most likely library type as ISR
[2020-08-27 21:46:46.289] [jointLog] [info] Thread saw mini-batch with a maximum of 0.34% zero probability fragments
[2020-08-27 21:46:46.436] [jointLog] [info] Thread saw mini-batch with a maximum of 0.38% zero probability fragments
[2020-08-27 21:46:46.521] [jointLog] [info] Thread saw mini-batch with a maximum of 0.40% zero probability fragments
[2020-08-27 21:46:46.549] [jointLog] [info] Thread saw mini-batch with a maximum of 0.38% zero probability fragments
[2020-08-27 21:46:46.661] [jointLog] [info] Computed 96,020 rich equivalence classes for further processing
[2020-08-27 21:46:46.661] [jointLog] [info] Counted 37,894,237 total reads in the equivalence classes 
[2020-08-27 21:46:46.667] [jointLog] [info] Number of mappings discarded because of alignment score : 97,439,245
[2020-08-27 21:46:46.667] [jointLog] [info] Number of fragments entirely discarded because of alignment score : 15,435,302
[2020-08-27 21:46:46.667] [jointLog] [info] Number of fragments discarded because they are best-mapped to decoys : 0
[2020-08-27 21:46:46.667] [jointLog] [info] Number of fragments discarded because they have only dovetail (discordant) mappings to valid targets : 2,443,044
[2020-08-27 21:46:46.667] [jointLog] [info] Mapping rate = 54.5955%

[2020-08-27 21:46:46.667] [jointLog] [info] finished quantifyLibrary()
[2020-08-27 21:46:46.670] [jointLog] [info] Starting optimizer
[2020-08-27 21:46:46.713] [jointLog] [info] Marked 0 weighted equivalence classes as degenerate
[2020-08-27 21:46:46.720] [jointLog] [info] iteration = 0 | max rel diff. = 14638.4
[2020-08-27 21:46:46.788] [jointLog] [info] iteration 11, adjusting effective lengths to account for biases
[2020-08-27 21:46:46.661] [fileLog] [info] 
At end of round 0
==================
Observed 69409104 total fragments (69409104 in most recent round)

[2020-08-27 21:47:23.918] [jointLog] [info] Computed expected counts (for bias correction)
[2020-08-27 21:47:23.918] [jointLog] [info] processed bias for 0.1% of the transcripts
[2020-08-27 21:47:26.220] [jointLog] [info] processed bias for 10.0% of the transcripts
[2020-08-27 21:47:28.693] [jointLog] [info] processed bias for 20.0% of the transcripts
[2020-08-27 21:47:31.524] [jointLog] [info] processed bias for 30.0% of the transcripts
[2020-08-27 21:47:34.344] [jointLog] [info] processed bias for 40.0% of the transcripts
[2020-08-27 21:47:37.137] [jointLog] [info] processed bias for 50.0% of the transcripts
[2020-08-27 21:47:39.606] [jointLog] [info] processed bias for 60.0% of the transcripts
[2020-08-27 21:47:42.412] [jointLog] [info] processed bias for 70.0% of the transcripts
[2020-08-27 21:47:45.061] [jointLog] [info] processed bias for 80.0% of the transcripts
[2020-08-27 21:47:47.902] [jointLog] [info] processed bias for 90.0% of the transcripts
[2020-08-27 21:47:50.844] [jointLog] [info] processed bias for 100.0% of the transcripts
[2020-08-27 21:47:50.844] [jointLog] [info] processed bias for 100.0% of the transcripts
[2020-08-27 21:47:51.487] [jointLog] [info] iteration = 100 | max rel diff. = 4.81553
[2020-08-27 21:47:52.178] [jointLog] [info] iteration = 200 | max rel diff. = 4.06686
[2020-08-27 21:47:52.868] [jointLog] [info] iteration = 300 | max rel diff. = 1.98726
[2020-08-27 21:47:53.557] [jointLog] [info] iteration = 400 | max rel diff. = 0.147985
[2020-08-27 21:47:54.259] [jointLog] [info] iteration = 500 | max rel diff. = 0.106649
[2020-08-27 21:47:54.963] [jointLog] [info] iteration = 600 | max rel diff. = 0.148277
[2020-08-27 21:47:55.699] [jointLog] [info] iteration = 700 | max rel diff. = 0.0228865
[2020-08-27 21:47:56.390] [jointLog] [info] iteration = 800 | max rel diff. = 0.0190755
[2020-08-27 21:47:57.073] [jointLog] [info] iteration = 900 | max rel diff. = 20.8044
[2020-08-27 21:47:57.269] [jointLog] [info] iteration = 930 | max rel diff. = 0.0071652
[2020-08-27 21:47:57.273] [jointLog] [info] Finished optimizer
[2020-08-27 21:47:57.273] [jointLog] [info] writing output 

